\begin{center}
\begin{tikzpicture}

\draw (1.5, -0.3)
  node[draw, line width=0.02cm, , color=black,
       rounded corners=0cm, inner sep=0cm] {

\begin{minipage}[t][0.6cm]{3.0cm}
\mbox{}

\end{minipage}

};\draw (1.5, -0.3) node[color=black] {{\texttt{{\vphantom{$x \pmod{26}$$x^{-1} \pmod{26}$012345678910111213141516171819202122232425None}$x \pmod{26}$}}}};\node[anchor=south] at (1.5,0.01) {};\node[anchor=east] at (-0.01,-0.3) {};
\draw (1.4999999999999998, -0.3)
  node[draw, line width=0.06cm, , color=black,
       rounded corners=0cm, inner sep=0cm] {

\begin{minipage}[t][0.62cm]{3.02cm}
\mbox{}

\end{minipage}

};
\draw (4.5, -0.3)
  node[draw, line width=0.02cm, , color=black,
       rounded corners=0cm, inner sep=0cm] {

\begin{minipage}[t][0.6cm]{3.0cm}
\mbox{}

\end{minipage}

};\draw (4.5, -0.3) node[color=black] {{\texttt{{\vphantom{$x \pmod{26}$$x^{-1} \pmod{26}$012345678910111213141516171819202122232425None}$x^{-1} \pmod{26}$}}}};\node[anchor=south] at (4.5,0.01) {};\node[anchor=east] at (2.99,-0.3) {};
\draw (4.5, -0.3)
  node[draw, line width=0.06cm, , color=black,
       rounded corners=0cm, inner sep=0cm] {

\begin{minipage}[t][0.62cm]{3.02cm}
\mbox{}

\end{minipage}

};
\draw (1.5, -0.8999999999999999)
  node[draw, line width=0.02cm, , color=black,
       rounded corners=0cm, inner sep=0cm] {

\begin{minipage}[t][0.6cm]{3.0cm}
\mbox{}

\end{minipage}

};\draw (1.5, -0.8999999999999999) node[color=black] {{\texttt{{\vphantom{$x \pmod{26}$$x^{-1} \pmod{26}$012345678910111213141516171819202122232425None}0}}}};
\draw (1.5, -1.4999999999999998)
  node[draw, line width=0.02cm, , color=black,
       rounded corners=0cm, inner sep=0cm] {

\begin{minipage}[t][0.6cm]{3.0cm}
\mbox{}

\end{minipage}

};\draw (1.5, -1.4999999999999998) node[color=black] {{\texttt{{\vphantom{$x \pmod{26}$$x^{-1} \pmod{26}$012345678910111213141516171819202122232425None}1}}}};
\draw (1.5, -2.0999999999999996)
  node[draw, line width=0.02cm, , color=black,
       rounded corners=0cm, inner sep=0cm] {

\begin{minipage}[t][0.6cm]{3.0cm}
\mbox{}

\end{minipage}

};\draw (1.5, -2.0999999999999996) node[color=black] {{\texttt{{\vphantom{$x \pmod{26}$$x^{-1} \pmod{26}$012345678910111213141516171819202122232425None}2}}}};
\draw (1.5, -2.7)
  node[draw, line width=0.02cm, , color=black,
       rounded corners=0cm, inner sep=0cm] {

\begin{minipage}[t][0.6cm]{3.0cm}
\mbox{}

\end{minipage}

};\draw (1.5, -2.7) node[color=black] {{\texttt{{\vphantom{$x \pmod{26}$$x^{-1} \pmod{26}$012345678910111213141516171819202122232425None}3}}}};
\draw (1.5, -3.3000000000000007)
  node[draw, line width=0.02cm, , color=black,
       rounded corners=0cm, inner sep=0cm] {

\begin{minipage}[t][0.6cm]{3.0cm}
\mbox{}

\end{minipage}

};\draw (1.5, -3.3000000000000007) node[color=black] {{\texttt{{\vphantom{$x \pmod{26}$$x^{-1} \pmod{26}$012345678910111213141516171819202122232425None}4}}}};
\draw (1.5, -3.9000000000000004)
  node[draw, line width=0.02cm, , color=black,
       rounded corners=0cm, inner sep=0cm] {

\begin{minipage}[t][0.6cm]{3.0cm}
\mbox{}

\end{minipage}

};\draw (1.5, -3.9000000000000004) node[color=black] {{\texttt{{\vphantom{$x \pmod{26}$$x^{-1} \pmod{26}$012345678910111213141516171819202122232425None}5}}}};
\draw (1.5, -4.500000000000001)
  node[draw, line width=0.02cm, , color=black,
       rounded corners=0cm, inner sep=0cm] {

\begin{minipage}[t][0.6cm]{3.0cm}
\mbox{}

\end{minipage}

};\draw (1.5, -4.500000000000001) node[color=black] {{\texttt{{\vphantom{$x \pmod{26}$$x^{-1} \pmod{26}$012345678910111213141516171819202122232425None}6}}}};
\draw (1.5, -5.1000000000000005)
  node[draw, line width=0.02cm, , color=black,
       rounded corners=0cm, inner sep=0cm] {

\begin{minipage}[t][0.6cm]{3.0cm}
\mbox{}

\end{minipage}

};\draw (1.5, -5.1000000000000005) node[color=black] {{\texttt{{\vphantom{$x \pmod{26}$$x^{-1} \pmod{26}$012345678910111213141516171819202122232425None}7}}}};
\draw (1.5, -5.7)
  node[draw, line width=0.02cm, , color=black,
       rounded corners=0cm, inner sep=0cm] {

\begin{minipage}[t][0.6cm]{3.0cm}
\mbox{}

\end{minipage}

};\draw (1.5, -5.7) node[color=black] {{\texttt{{\vphantom{$x \pmod{26}$$x^{-1} \pmod{26}$012345678910111213141516171819202122232425None}8}}}};
\draw (1.5, -6.3)
  node[draw, line width=0.02cm, , color=black,
       rounded corners=0cm, inner sep=0cm] {

\begin{minipage}[t][0.6cm]{3.0cm}
\mbox{}

\end{minipage}

};\draw (1.5, -6.3) node[color=black] {{\texttt{{\vphantom{$x \pmod{26}$$x^{-1} \pmod{26}$012345678910111213141516171819202122232425None}9}}}};
\draw (1.5, -6.8999999999999995)
  node[draw, line width=0.02cm, , color=black,
       rounded corners=0cm, inner sep=0cm] {

\begin{minipage}[t][0.6cm]{3.0cm}
\mbox{}

\end{minipage}

};\draw (1.5, -6.8999999999999995) node[color=black] {{\texttt{{\vphantom{$x \pmod{26}$$x^{-1} \pmod{26}$012345678910111213141516171819202122232425None}10}}}};
\draw (1.5, -7.499999999999999)
  node[draw, line width=0.02cm, , color=black,
       rounded corners=0cm, inner sep=0cm] {

\begin{minipage}[t][0.6cm]{3.0cm}
\mbox{}

\end{minipage}

};\draw (1.5, -7.499999999999999) node[color=black] {{\texttt{{\vphantom{$x \pmod{26}$$x^{-1} \pmod{26}$012345678910111213141516171819202122232425None}11}}}};
\draw (1.5, -8.099999999999998)
  node[draw, line width=0.02cm, , color=black,
       rounded corners=0cm, inner sep=0cm] {

\begin{minipage}[t][0.6cm]{3.0cm}
\mbox{}

\end{minipage}

};\draw (1.5, -8.099999999999998) node[color=black] {{\texttt{{\vphantom{$x \pmod{26}$$x^{-1} \pmod{26}$012345678910111213141516171819202122232425None}12}}}};
\draw (1.5, -8.7)
  node[draw, line width=0.02cm, , color=black,
       rounded corners=0cm, inner sep=0cm] {

\begin{minipage}[t][0.6cm]{3.0cm}
\mbox{}

\end{minipage}

};\draw (1.5, -8.7) node[color=black] {{\texttt{{\vphantom{$x \pmod{26}$$x^{-1} \pmod{26}$012345678910111213141516171819202122232425None}13}}}};
\draw (1.5, -9.299999999999997)
  node[draw, line width=0.02cm, , color=black,
       rounded corners=0cm, inner sep=0cm] {

\begin{minipage}[t][0.6cm]{3.0cm}
\mbox{}

\end{minipage}

};\draw (1.5, -9.299999999999997) node[color=black] {{\texttt{{\vphantom{$x \pmod{26}$$x^{-1} \pmod{26}$012345678910111213141516171819202122232425None}14}}}};
\draw (1.5, -9.899999999999999)
  node[draw, line width=0.02cm, , color=black,
       rounded corners=0cm, inner sep=0cm] {

\begin{minipage}[t][0.6cm]{3.0cm}
\mbox{}

\end{minipage}

};\draw (1.5, -9.899999999999999) node[color=black] {{\texttt{{\vphantom{$x \pmod{26}$$x^{-1} \pmod{26}$012345678910111213141516171819202122232425None}15}}}};
\draw (1.5, -10.499999999999996)
  node[draw, line width=0.02cm, , color=black,
       rounded corners=0cm, inner sep=0cm] {

\begin{minipage}[t][0.6cm]{3.0cm}
\mbox{}

\end{minipage}

};\draw (1.5, -10.499999999999996) node[color=black] {{\texttt{{\vphantom{$x \pmod{26}$$x^{-1} \pmod{26}$012345678910111213141516171819202122232425None}16}}}};
\draw (1.5, -11.099999999999998)
  node[draw, line width=0.02cm, , color=black,
       rounded corners=0cm, inner sep=0cm] {

\begin{minipage}[t][0.6cm]{3.0cm}
\mbox{}

\end{minipage}

};\draw (1.5, -11.099999999999998) node[color=black] {{\texttt{{\vphantom{$x \pmod{26}$$x^{-1} \pmod{26}$012345678910111213141516171819202122232425None}17}}}};
\draw (1.5, -11.699999999999996)
  node[draw, line width=0.02cm, , color=black,
       rounded corners=0cm, inner sep=0cm] {

\begin{minipage}[t][0.6cm]{3.0cm}
\mbox{}

\end{minipage}

};\draw (1.5, -11.699999999999996) node[color=black] {{\texttt{{\vphantom{$x \pmod{26}$$x^{-1} \pmod{26}$012345678910111213141516171819202122232425None}18}}}};
\draw (1.5, -12.299999999999997)
  node[draw, line width=0.02cm, , color=black,
       rounded corners=0cm, inner sep=0cm] {

\begin{minipage}[t][0.6cm]{3.0cm}
\mbox{}

\end{minipage}

};\draw (1.5, -12.299999999999997) node[color=black] {{\texttt{{\vphantom{$x \pmod{26}$$x^{-1} \pmod{26}$012345678910111213141516171819202122232425None}19}}}};
\draw (1.5, -12.899999999999995)
  node[draw, line width=0.02cm, , color=black,
       rounded corners=0cm, inner sep=0cm] {

\begin{minipage}[t][0.6cm]{3.0cm}
\mbox{}

\end{minipage}

};\draw (1.5, -12.899999999999995) node[color=black] {{\texttt{{\vphantom{$x \pmod{26}$$x^{-1} \pmod{26}$012345678910111213141516171819202122232425None}20}}}};
\draw (1.5, -13.499999999999996)
  node[draw, line width=0.02cm, , color=black,
       rounded corners=0cm, inner sep=0cm] {

\begin{minipage}[t][0.6cm]{3.0cm}
\mbox{}

\end{minipage}

};\draw (1.5, -13.499999999999996) node[color=black] {{\texttt{{\vphantom{$x \pmod{26}$$x^{-1} \pmod{26}$012345678910111213141516171819202122232425None}21}}}};
\draw (1.5, -14.099999999999994)
  node[draw, line width=0.02cm, , color=black,
       rounded corners=0cm, inner sep=0cm] {

\begin{minipage}[t][0.6cm]{3.0cm}
\mbox{}

\end{minipage}

};\draw (1.5, -14.099999999999994) node[color=black] {{\texttt{{\vphantom{$x \pmod{26}$$x^{-1} \pmod{26}$012345678910111213141516171819202122232425None}22}}}};
\draw (1.5, -14.699999999999996)
  node[draw, line width=0.02cm, , color=black,
       rounded corners=0cm, inner sep=0cm] {

\begin{minipage}[t][0.6cm]{3.0cm}
\mbox{}

\end{minipage}

};\draw (1.5, -14.699999999999996) node[color=black] {{\texttt{{\vphantom{$x \pmod{26}$$x^{-1} \pmod{26}$012345678910111213141516171819202122232425None}23}}}};
\draw (1.5, -15.299999999999994)
  node[draw, line width=0.02cm, , color=black,
       rounded corners=0cm, inner sep=0cm] {

\begin{minipage}[t][0.6cm]{3.0cm}
\mbox{}

\end{minipage}

};\draw (1.5, -15.299999999999994) node[color=black] {{\texttt{{\vphantom{$x \pmod{26}$$x^{-1} \pmod{26}$012345678910111213141516171819202122232425None}24}}}};
\draw (1.5, -15.899999999999997)
  node[draw, line width=0.02cm, , color=black,
       rounded corners=0cm, inner sep=0cm] {

\begin{minipage}[t][0.6cm]{3.0cm}
\mbox{}

\end{minipage}

};\draw (1.5, -15.899999999999997) node[color=black] {{\texttt{{\vphantom{$x \pmod{26}$$x^{-1} \pmod{26}$012345678910111213141516171819202122232425None}25}}}};\node[anchor=south] at (1.5,-0.59) {};\node[anchor=east] at (-0.01,-0.8999999999999999) {};\node[anchor=east] at (-0.01,-1.4999999999999998) {};\node[anchor=east] at (-0.01,-2.0999999999999996) {};\node[anchor=east] at (-0.01,-2.7) {};\node[anchor=east] at (-0.01,-3.3000000000000007) {};\node[anchor=east] at (-0.01,-3.9000000000000004) {};\node[anchor=east] at (-0.01,-4.500000000000001) {};\node[anchor=east] at (-0.01,-5.1000000000000005) {};\node[anchor=east] at (-0.01,-5.7) {};\node[anchor=east] at (-0.01,-6.3) {};\node[anchor=east] at (-0.01,-6.8999999999999995) {};\node[anchor=east] at (-0.01,-7.499999999999999) {};\node[anchor=east] at (-0.01,-8.099999999999998) {};\node[anchor=east] at (-0.01,-8.7) {};\node[anchor=east] at (-0.01,-9.299999999999997) {};\node[anchor=east] at (-0.01,-9.899999999999999) {};\node[anchor=east] at (-0.01,-10.499999999999996) {};\node[anchor=east] at (-0.01,-11.099999999999998) {};\node[anchor=east] at (-0.01,-11.699999999999996) {};\node[anchor=east] at (-0.01,-12.299999999999997) {};\node[anchor=east] at (-0.01,-12.899999999999995) {};\node[anchor=east] at (-0.01,-13.499999999999996) {};\node[anchor=east] at (-0.01,-14.099999999999994) {};\node[anchor=east] at (-0.01,-14.699999999999996) {};\node[anchor=east] at (-0.01,-15.299999999999994) {};\node[anchor=east] at (-0.01,-15.899999999999995) {};
\draw (1.4999999999999998, -8.399999999999999)
  node[draw, line width=0.06cm, , color=black,
       rounded corners=0cm, inner sep=0cm] {

\begin{minipage}[t][15.62cm]{3.02cm}
\mbox{}

\end{minipage}

};
\draw (4.5, -0.8999999999999999)
  node[draw, line width=0.02cm, , color=black,
       rounded corners=0cm, inner sep=0cm] {

\begin{minipage}[t][0.6cm]{3.0cm}
\mbox{}

\end{minipage}

};\draw (4.5, -0.8999999999999999) node[color=black] {{\texttt{{\vphantom{$x \pmod{26}$$x^{-1} \pmod{26}$012345678910111213141516171819202122232425None}None}}}};
\draw (4.5, -1.4999999999999998)
  node[draw, line width=0.02cm, , color=black,
       rounded corners=0cm, inner sep=0cm] {

\begin{minipage}[t][0.6cm]{3.0cm}
\mbox{}

\end{minipage}

};\draw (4.5, -1.4999999999999998) node[color=black] {{\texttt{{\vphantom{$x \pmod{26}$$x^{-1} \pmod{26}$012345678910111213141516171819202122232425None}}}}};
\draw (4.5, -2.0999999999999996)
  node[draw, line width=0.02cm, , color=black,
       rounded corners=0cm, inner sep=0cm] {

\begin{minipage}[t][0.6cm]{3.0cm}
\mbox{}

\end{minipage}

};\draw (4.5, -2.0999999999999996) node[color=black] {{\texttt{{\vphantom{$x \pmod{26}$$x^{-1} \pmod{26}$012345678910111213141516171819202122232425None}}}}};
\draw (4.5, -2.7)
  node[draw, line width=0.02cm, , color=black,
       rounded corners=0cm, inner sep=0cm] {

\begin{minipage}[t][0.6cm]{3.0cm}
\mbox{}

\end{minipage}

};\draw (4.5, -2.7) node[color=black] {{\texttt{{\vphantom{$x \pmod{26}$$x^{-1} \pmod{26}$012345678910111213141516171819202122232425None}}}}};
\draw (4.5, -3.3000000000000007)
  node[draw, line width=0.02cm, , color=black,
       rounded corners=0cm, inner sep=0cm] {

\begin{minipage}[t][0.6cm]{3.0cm}
\mbox{}

\end{minipage}

};\draw (4.5, -3.3000000000000007) node[color=black] {{\texttt{{\vphantom{$x \pmod{26}$$x^{-1} \pmod{26}$012345678910111213141516171819202122232425None}}}}};
\draw (4.5, -3.9000000000000004)
  node[draw, line width=0.02cm, , color=black,
       rounded corners=0cm, inner sep=0cm] {

\begin{minipage}[t][0.6cm]{3.0cm}
\mbox{}

\end{minipage}

};\draw (4.5, -3.9000000000000004) node[color=black] {{\texttt{{\vphantom{$x \pmod{26}$$x^{-1} \pmod{26}$012345678910111213141516171819202122232425None}}}}};
\draw (4.5, -4.500000000000001)
  node[draw, line width=0.02cm, , color=black,
       rounded corners=0cm, inner sep=0cm] {

\begin{minipage}[t][0.6cm]{3.0cm}
\mbox{}

\end{minipage}

};\draw (4.5, -4.500000000000001) node[color=black] {{\texttt{{\vphantom{$x \pmod{26}$$x^{-1} \pmod{26}$012345678910111213141516171819202122232425None}}}}};
\draw (4.5, -5.1000000000000005)
  node[draw, line width=0.02cm, , color=black,
       rounded corners=0cm, inner sep=0cm] {

\begin{minipage}[t][0.6cm]{3.0cm}
\mbox{}

\end{minipage}

};\draw (4.5, -5.1000000000000005) node[color=black] {{\texttt{{\vphantom{$x \pmod{26}$$x^{-1} \pmod{26}$012345678910111213141516171819202122232425None}}}}};
\draw (4.5, -5.7)
  node[draw, line width=0.02cm, , color=black,
       rounded corners=0cm, inner sep=0cm] {

\begin{minipage}[t][0.6cm]{3.0cm}
\mbox{}

\end{minipage}

};\draw (4.5, -5.7) node[color=black] {{\texttt{{\vphantom{$x \pmod{26}$$x^{-1} \pmod{26}$012345678910111213141516171819202122232425None}}}}};
\draw (4.5, -6.3)
  node[draw, line width=0.02cm, , color=black,
       rounded corners=0cm, inner sep=0cm] {

\begin{minipage}[t][0.6cm]{3.0cm}
\mbox{}

\end{minipage}

};\draw (4.5, -6.3) node[color=black] {{\texttt{{\vphantom{$x \pmod{26}$$x^{-1} \pmod{26}$012345678910111213141516171819202122232425None}}}}};
\draw (4.5, -6.8999999999999995)
  node[draw, line width=0.02cm, , color=black,
       rounded corners=0cm, inner sep=0cm] {

\begin{minipage}[t][0.6cm]{3.0cm}
\mbox{}

\end{minipage}

};\draw (4.5, -6.8999999999999995) node[color=black] {{\texttt{{\vphantom{$x \pmod{26}$$x^{-1} \pmod{26}$012345678910111213141516171819202122232425None}}}}};
\draw (4.5, -7.499999999999999)
  node[draw, line width=0.02cm, , color=black,
       rounded corners=0cm, inner sep=0cm] {

\begin{minipage}[t][0.6cm]{3.0cm}
\mbox{}

\end{minipage}

};\draw (4.5, -7.499999999999999) node[color=black] {{\texttt{{\vphantom{$x \pmod{26}$$x^{-1} \pmod{26}$012345678910111213141516171819202122232425None}}}}};
\draw (4.5, -8.099999999999998)
  node[draw, line width=0.02cm, , color=black,
       rounded corners=0cm, inner sep=0cm] {

\begin{minipage}[t][0.6cm]{3.0cm}
\mbox{}

\end{minipage}

};\draw (4.5, -8.099999999999998) node[color=black] {{\texttt{{\vphantom{$x \pmod{26}$$x^{-1} \pmod{26}$012345678910111213141516171819202122232425None}}}}};
\draw (4.5, -8.7)
  node[draw, line width=0.02cm, , color=black,
       rounded corners=0cm, inner sep=0cm] {

\begin{minipage}[t][0.6cm]{3.0cm}
\mbox{}

\end{minipage}

};\draw (4.5, -8.7) node[color=black] {{\texttt{{\vphantom{$x \pmod{26}$$x^{-1} \pmod{26}$012345678910111213141516171819202122232425None}}}}};
\draw (4.5, -9.299999999999997)
  node[draw, line width=0.02cm, , color=black,
       rounded corners=0cm, inner sep=0cm] {

\begin{minipage}[t][0.6cm]{3.0cm}
\mbox{}

\end{minipage}

};\draw (4.5, -9.299999999999997) node[color=black] {{\texttt{{\vphantom{$x \pmod{26}$$x^{-1} \pmod{26}$012345678910111213141516171819202122232425None}}}}};
\draw (4.5, -9.899999999999999)
  node[draw, line width=0.02cm, , color=black,
       rounded corners=0cm, inner sep=0cm] {

\begin{minipage}[t][0.6cm]{3.0cm}
\mbox{}

\end{minipage}

};\draw (4.5, -9.899999999999999) node[color=black] {{\texttt{{\vphantom{$x \pmod{26}$$x^{-1} \pmod{26}$012345678910111213141516171819202122232425None}}}}};
\draw (4.5, -10.499999999999996)
  node[draw, line width=0.02cm, , color=black,
       rounded corners=0cm, inner sep=0cm] {

\begin{minipage}[t][0.6cm]{3.0cm}
\mbox{}

\end{minipage}

};\draw (4.5, -10.499999999999996) node[color=black] {{\texttt{{\vphantom{$x \pmod{26}$$x^{-1} \pmod{26}$012345678910111213141516171819202122232425None}}}}};
\draw (4.5, -11.099999999999998)
  node[draw, line width=0.02cm, , color=black,
       rounded corners=0cm, inner sep=0cm] {

\begin{minipage}[t][0.6cm]{3.0cm}
\mbox{}

\end{minipage}

};\draw (4.5, -11.099999999999998) node[color=black] {{\texttt{{\vphantom{$x \pmod{26}$$x^{-1} \pmod{26}$012345678910111213141516171819202122232425None}}}}};
\draw (4.5, -11.699999999999996)
  node[draw, line width=0.02cm, , color=black,
       rounded corners=0cm, inner sep=0cm] {

\begin{minipage}[t][0.6cm]{3.0cm}
\mbox{}

\end{minipage}

};\draw (4.5, -11.699999999999996) node[color=black] {{\texttt{{\vphantom{$x \pmod{26}$$x^{-1} \pmod{26}$012345678910111213141516171819202122232425None}}}}};
\draw (4.5, -12.299999999999997)
  node[draw, line width=0.02cm, , color=black,
       rounded corners=0cm, inner sep=0cm] {

\begin{minipage}[t][0.6cm]{3.0cm}
\mbox{}

\end{minipage}

};\draw (4.5, -12.299999999999997) node[color=black] {{\texttt{{\vphantom{$x \pmod{26}$$x^{-1} \pmod{26}$012345678910111213141516171819202122232425None}}}}};
\draw (4.5, -12.899999999999995)
  node[draw, line width=0.02cm, , color=black,
       rounded corners=0cm, inner sep=0cm] {

\begin{minipage}[t][0.6cm]{3.0cm}
\mbox{}

\end{minipage}

};\draw (4.5, -12.899999999999995) node[color=black] {{\texttt{{\vphantom{$x \pmod{26}$$x^{-1} \pmod{26}$012345678910111213141516171819202122232425None}}}}};
\draw (4.5, -13.499999999999996)
  node[draw, line width=0.02cm, , color=black,
       rounded corners=0cm, inner sep=0cm] {

\begin{minipage}[t][0.6cm]{3.0cm}
\mbox{}

\end{minipage}

};\draw (4.5, -13.499999999999996) node[color=black] {{\texttt{{\vphantom{$x \pmod{26}$$x^{-1} \pmod{26}$012345678910111213141516171819202122232425None}}}}};
\draw (4.5, -14.099999999999994)
  node[draw, line width=0.02cm, , color=black,
       rounded corners=0cm, inner sep=0cm] {

\begin{minipage}[t][0.6cm]{3.0cm}
\mbox{}

\end{minipage}

};\draw (4.5, -14.099999999999994) node[color=black] {{\texttt{{\vphantom{$x \pmod{26}$$x^{-1} \pmod{26}$012345678910111213141516171819202122232425None}}}}};
\draw (4.5, -14.699999999999996)
  node[draw, line width=0.02cm, , color=black,
       rounded corners=0cm, inner sep=0cm] {

\begin{minipage}[t][0.6cm]{3.0cm}
\mbox{}

\end{minipage}

};\draw (4.5, -14.699999999999996) node[color=black] {{\texttt{{\vphantom{$x \pmod{26}$$x^{-1} \pmod{26}$012345678910111213141516171819202122232425None}}}}};
\draw (4.5, -15.299999999999994)
  node[draw, line width=0.02cm, , color=black,
       rounded corners=0cm, inner sep=0cm] {

\begin{minipage}[t][0.6cm]{3.0cm}
\mbox{}

\end{minipage}

};\draw (4.5, -15.299999999999994) node[color=black] {{\texttt{{\vphantom{$x \pmod{26}$$x^{-1} \pmod{26}$012345678910111213141516171819202122232425None}}}}};
\draw (4.5, -15.899999999999997)
  node[draw, line width=0.02cm, , color=black,
       rounded corners=0cm, inner sep=0cm] {

\begin{minipage}[t][0.6cm]{3.0cm}
\mbox{}

\end{minipage}

};\draw (4.5, -15.899999999999997) node[color=black] {{\texttt{{\vphantom{$x \pmod{26}$$x^{-1} \pmod{26}$012345678910111213141516171819202122232425None}}}}};\node[anchor=south] at (4.5,-0.59) {};\node[anchor=east] at (2.99,-0.8999999999999999) {};\node[anchor=east] at (2.99,-1.4999999999999998) {};\node[anchor=east] at (2.99,-2.0999999999999996) {};\node[anchor=east] at (2.99,-2.7) {};\node[anchor=east] at (2.99,-3.3000000000000007) {};\node[anchor=east] at (2.99,-3.9000000000000004) {};\node[anchor=east] at (2.99,-4.500000000000001) {};\node[anchor=east] at (2.99,-5.1000000000000005) {};\node[anchor=east] at (2.99,-5.7) {};\node[anchor=east] at (2.99,-6.3) {};\node[anchor=east] at (2.99,-6.8999999999999995) {};\node[anchor=east] at (2.99,-7.499999999999999) {};\node[anchor=east] at (2.99,-8.099999999999998) {};\node[anchor=east] at (2.99,-8.7) {};\node[anchor=east] at (2.99,-9.299999999999997) {};\node[anchor=east] at (2.99,-9.899999999999999) {};\node[anchor=east] at (2.99,-10.499999999999996) {};\node[anchor=east] at (2.99,-11.099999999999998) {};\node[anchor=east] at (2.99,-11.699999999999996) {};\node[anchor=east] at (2.99,-12.299999999999997) {};\node[anchor=east] at (2.99,-12.899999999999995) {};\node[anchor=east] at (2.99,-13.499999999999996) {};\node[anchor=east] at (2.99,-14.099999999999994) {};\node[anchor=east] at (2.99,-14.699999999999996) {};\node[anchor=east] at (2.99,-15.299999999999994) {};\node[anchor=east] at (2.99,-15.899999999999995) {};
\draw (4.5, -8.399999999999999)
  node[draw, line width=0.06cm, , color=black,
       rounded corners=0cm, inner sep=0cm] {

\begin{minipage}[t][15.62cm]{3.02cm}
\mbox{}

\end{minipage}

};
\end{tikzpicture}

\end{center}

