This is pdfTeX, Version 3.141592653-2.6-1.40.27 (MiKTeX 25.4) (preloaded format=pdflatex 2025.11.8)  29 JAN 2026 13:02
entering extended mode
 \write18 enabled.
 file:line:error style messages enabled.
 %&-line parsing enabled.
**./main.tex
(main.tex
LaTeX2e <2025-06-01> patch level 1
L3 programming layer <2025-10-09>
(thispreamble.tex

! LaTeX Error: File `mybookpreamble.tex' not found.

Type X to quit or <RETURN> to proceed,
or enter new name. (Default extension: tex)

Enter file name: 
thispreamble.tex:2: Emergency stop.
<read *> 
         
l.2 \input{mybookpreamble.tex}
                              ^^M
*** (cannot \read from terminal in nonstop modes)

 
Here is how much of TeX's memory you used:
 26 strings out of 468080
 650 string characters out of 5425772
 433722 words of memory out of 5000000
 28793 multiletter control sequences out of 15000+600000
 627721 words of font info for 40 fonts, out of 8000000 for 9000
 1141 hyphenation exceptions out of 8191
 21i,0n,29p,93b,20s stack positions out of 10000i,1000n,20000p,200000b,200000s
thispreamble.tex:2:  ==> Fatal error occurred, no output PDF file produced!
