<stdin>:3: SyntaxWarning: invalid escape sequence '\p'
<stdin>:5: SyntaxWarning: invalid escape sequence '\p'
/usr/lib64/python3.12/site-packages/latextool_basic.py:85: SyntaxWarning: invalid escape sequence '\s'
  p = re.compile("at\s*\([0-9]*(.[0-9]*)?\s*\,\s*[0-9]*(.[0-9]*)?\s*\)")
/usr/lib64/python3.12/site-packages/latextool_basic.py:890: SyntaxWarning: invalid escape sequence '\d'
  \draw[s]
/usr/lib64/python3.12/site-packages/latextool_basic.py:3000: SyntaxWarning: invalid escape sequence '\d'
  s += '\draw (%s,%s) -- (%s,%s) -- (%s,%s);\n' % \
/usr/lib64/python3.12/site-packages/latextool_basic.py:3004: SyntaxWarning: invalid escape sequence '\d'
  s += '\draw (%s,%s) -- (%s,%s);\n' % \
/usr/lib64/python3.12/site-packages/latextool_basic.py:3008: SyntaxWarning: invalid escape sequence '\d'
  s += '\draw (%s,%s) -- (%s,%s);\n' % \
/usr/lib64/python3.12/site-packages/latextool_basic.py:3012: SyntaxWarning: invalid escape sequence '\d'
  s += '\draw (%s,%s) -- (%s,%s) -- (%s,%s);\n' % \
/usr/lib64/python3.12/site-packages/latextool_basic.py:3014: SyntaxWarning: invalid escape sequence '\d'
  s += '\draw (%s,%s) -- (%s,%s);\n' % \
/usr/lib64/python3.12/site-packages/latextool_basic.py:3017: SyntaxWarning: invalid escape sequence '\d'
  s += '\draw (%s,%s) -- (%s,%s);\n' % \
/usr/lib64/python3.12/site-packages/latextool_basic.py:4136: SyntaxWarning: invalid escape sequence '\d'
  "(-1)^{1+%s} (%s) \det %s" \
/usr/lib64/python3.12/site-packages/latextool_basic.py:4140: SyntaxWarning: invalid escape sequence '\d'
  "(%s) (%s) \det %s" \
/usr/lib64/python3.12/site-packages/latextool_basic.py:4144: SyntaxWarning: invalid escape sequence '\d'
  "(%s) \det %s" \
/usr/lib64/python3.12/site-packages/latextool_basic.py:4160: SyntaxWarning: invalid escape sequence '\d'
  "&= " + computation1 + "\displaybreak[0] \\\\ \n" +\
/usr/lib64/python3.12/site-packages/latextool_basic.py:4161: SyntaxWarning: invalid escape sequence '\d'
  "&= " + computation2 + "\displaybreak[0] \\\\ \n"
/usr/lib64/python3.12/site-packages/latextool_basic.py:4164: SyntaxWarning: invalid escape sequence '\d'
  string += "&= " + computation3 + "\displaybreak[0] \\\\ \n"
/usr/lib64/python3.12/site-packages/latextool_basic.py:4170: SyntaxWarning: invalid escape sequence '\d'
  string += "&= " + computation4 + "\displaybreak[0] \\\\ \n"
/usr/lib64/python3.12/site-packages/latextool_basic.py:4172: SyntaxWarning: invalid escape sequence '\d'
  string += "&= " + computation5 + "\displaybreak[0] \\\\ \n"
/usr/lib64/python3.12/site-packages/latextool_basic.py:4194: SyntaxWarning: invalid escape sequence '\d'
  Matrix.latex += "&= " + yyy + "\displaybreak[0] \\\\ \n"
/usr/lib64/python3.12/site-packages/latextool_basic.py:4406: SyntaxWarning: invalid escape sequence '\l'
  d['pin_message'] = d['pin_message'].replace("log(", "\log(")
/usr/lib64/python3.12/site-packages/latextool_basic.py:4407: SyntaxWarning: invalid escape sequence '\s'
  d['pin_message'] = d['pin_message'].replace("sin(", "\sin(")
/usr/lib64/python3.12/site-packages/latextool_basic.py:4559: SyntaxWarning: invalid escape sequence '\Z'
  p = re.compile('(^| )%s(\Z| )' % node)
/usr/lib64/python3.12/site-packages/latextool_basic.py:7857: SyntaxWarning: invalid escape sequence '\s'
  c0 = merge(p, nrows - 1, ncols - 2, label='{\small %s}' % free_offset)
/usr/lib64/python3.12/site-packages/latextool_basic.py:7860: SyntaxWarning: invalid escape sequence '\s'
  c1 = merge(p, nrows - 1, ncols - 4, label='{\small %s}' % len(slots))
/usr/lib64/python3.12/site-packages/latextool_basic.py:7867: SyntaxWarning: invalid escape sequence '\s'
  c2 = merge(p, r, c, label='{\small %s}' % length); k -= 2
/usr/lib64/python3.12/site-packages/latextool_basic.py:7869: SyntaxWarning: invalid escape sequence '\s'
  c3 = merge(p, r, c, label='{\small %s}' % offset); k -= 2
/usr/lib64/python3.12/site-packages/latextool_basic.py:8321: SyntaxWarning: invalid escape sequence '\s'
  x,y = c[0].bottom(); X = POINT(x=x, y=y, r=0, label='{\scriptsize 1 bit}', anchor='north'); p += str(X)        
/usr/lib64/python3.12/site-packages/latextool_basic.py:8322: SyntaxWarning: invalid escape sequence '\s'
  x,y = c[1].bottom(); X = POINT(x=x, y=y, r=0, label='{\scriptsize 8 bits}', anchor='north'); p += str(X)        
/usr/lib64/python3.12/site-packages/latextool_basic.py:8323: SyntaxWarning: invalid escape sequence '\s'
  x,y = c[2].bottom(); X = POINT(x=x, y=y, r=0, label='{\scriptsize 23 bits}', anchor='north'); p += str(X)        
